Performing C SOURCE FILE Test CMAKE_HAVE_LIBC_PTHREAD failed with the following output:
Change Dir: /home/bbutler/Robo-Catsitter/mjpg-streamer/_build/CMakeFiles/CMakeTmp

Run Build Command(s):/usr/bin/gmake cmTC_14620/fast && gmake[1]: Entering directory '/home/bbutler/Robo-Catsitter/mjpg-streamer/_build/CMakeFiles/CMakeTmp'
/usr/bin/gmake  -f CMakeFiles/cmTC_14620.dir/build.make CMakeFiles/cmTC_14620.dir/build
gmake[2]: Entering directory '/home/bbutler/Robo-Catsitter/mjpg-streamer/_build/CMakeFiles/CMakeTmp'
Building C object CMakeFiles/cmTC_14620.dir/src.c.o
/usr/bin/cc   -DCMAKE_HAVE_LIBC_PTHREAD -o CMakeFiles/cmTC_14620.dir/src.c.o -c /home/bbutler/Robo-Catsitter/mjpg-streamer/_build/CMakeFiles/CMakeTmp/src.c
Linking C executable cmTC_14620
/usr/bin/cmake -E cmake_link_script CMakeFiles/cmTC_14620.dir/link.txt --verbose=1
/usr/bin/cc  -DCMAKE_HAVE_LIBC_PTHREAD -rdynamic CMakeFiles/cmTC_14620.dir/src.c.o -o cmTC_14620 
/usr/bin/ld: CMakeFiles/cmTC_14620.dir/src.c.o: in function `main':
src.c:(.text+0x40): undefined reference to `pthread_create'
/usr/bin/ld: src.c:(.text+0x4c): undefined reference to `pthread_detach'
/usr/bin/ld: src.c:(.text+0x58): undefined reference to `pthread_cancel'
/usr/bin/ld: src.c:(.text+0x68): undefined reference to `pthread_join'
collect2: error: ld returned 1 exit status
gmake[2]: *** [CMakeFiles/cmTC_14620.dir/build.make:106: cmTC_14620] Error 1
gmake[2]: Leaving directory '/home/bbutler/Robo-Catsitter/mjpg-streamer/_build/CMakeFiles/CMakeTmp'
gmake[1]: *** [Makefile:140: cmTC_14620/fast] Error 2
gmake[1]: Leaving directory '/home/bbutler/Robo-Catsitter/mjpg-streamer/_build/CMakeFiles/CMakeTmp'


Source file was:
#include <pthread.h>

void* test_func(void* data)
{
  return data;
}

int main(void)
{
  pthread_t thread;
  pthread_create(&thread, NULL, test_func, NULL);
  pthread_detach(thread);
  pthread_cancel(thread);
  pthread_join(thread, NULL);
  pthread_atfork(NULL, NULL, NULL);
  pthread_exit(NULL);

  return 0;
}

Determining if the function pthread_create exists in the pthreads failed with the following output:
Change Dir: /home/bbutler/Robo-Catsitter/mjpg-streamer/_build/CMakeFiles/CMakeTmp

Run Build Command(s):/usr/bin/gmake cmTC_1a541/fast && gmake[1]: Entering directory '/home/bbutler/Robo-Catsitter/mjpg-streamer/_build/CMakeFiles/CMakeTmp'
/usr/bin/gmake  -f CMakeFiles/cmTC_1a541.dir/build.make CMakeFiles/cmTC_1a541.dir/build
gmake[2]: Entering directory '/home/bbutler/Robo-Catsitter/mjpg-streamer/_build/CMakeFiles/CMakeTmp'
Building C object CMakeFiles/cmTC_1a541.dir/CheckFunctionExists.c.o
/usr/bin/cc   -DCHECK_FUNCTION_EXISTS=pthread_create -o CMakeFiles/cmTC_1a541.dir/CheckFunctionExists.c.o -c /usr/share/cmake-3.18/Modules/CheckFunctionExists.c
Linking C executable cmTC_1a541
/usr/bin/cmake -E cmake_link_script CMakeFiles/cmTC_1a541.dir/link.txt --verbose=1
/usr/bin/cc  -DCHECK_FUNCTION_EXISTS=pthread_create -rdynamic CMakeFiles/cmTC_1a541.dir/CheckFunctionExists.c.o -o cmTC_1a541  -lpthreads 
/usr/bin/ld: cannot find -lpthreads
collect2: error: ld returned 1 exit status
gmake[2]: *** [CMakeFiles/cmTC_1a541.dir/build.make:106: cmTC_1a541] Error 1
gmake[2]: Leaving directory '/home/bbutler/Robo-Catsitter/mjpg-streamer/_build/CMakeFiles/CMakeTmp'
gmake[1]: *** [Makefile:140: cmTC_1a541/fast] Error 2
gmake[1]: Leaving directory '/home/bbutler/Robo-Catsitter/mjpg-streamer/_build/CMakeFiles/CMakeTmp'



